[20:15:10] [ServerMain/INFO]: Environment: authHost='https://authserver.mojang.com', accountsHost='https://api.mojang.com', sessionHost='https://sessionserver.mojang.com', servicesHost='https://api.minecraftservices.com', name='PROD'
[20:15:11] [ServerMain/INFO]: Loaded 7 recipes
[20:15:11] [Server thread/INFO]: Starting minecraft server version 1.20.1
[20:15:11] [Server thread/INFO]: Loading properties
[20:15:12] [Server thread/INFO]: This server is running Paper version git-Paper-196 (MC: 1.20.1) (Implementing API version 1.20.1-R0.1-SNAPSHOT) (Git: 773dd72)
[20:15:12] [Server thread/INFO]: Server Ping Player Sample Count: 12
[20:15:12] [Server thread/INFO]: Using 4 threads for Netty based IO
[20:15:12] [Server thread/WARN]: [!] The timings profiler has been enabled but has been scheduled for removal from Paper in the future.
    We recommend installing the spark profiler as a replacement: https://spark.lucko.me/
    For more information please visit: https://github.com/PaperMC/Paper/issues/8948
[20:15:12] [Server thread/INFO]: [ChunkTaskScheduler] Chunk system is using 1 I/O threads, 3 worker threads, and gen parallelism of 3 threads
[20:15:12] [Server thread/INFO]: Default game type: SURVIVAL
[20:15:12] [Server thread/INFO]: Generating keypair
[20:15:12] [Server thread/INFO]: Starting Minecraft server on *:25565
[20:15:13] [Server thread/INFO]: Using default channel type
[20:15:13] [Server thread/INFO]: Paper: Using Java compression from Velocity.
[20:15:13] [Server thread/INFO]: Paper: Using Java cipher from Velocity.
[20:15:13] [Server thread/INFO]: [QuantumExitScan] Loading server plugin QuantumExitScan v1.0
[20:15:13] [Server thread/INFO]: Server permissions file permissions.yml is empty, ignoring it
[20:15:13] [Server thread/INFO]: Preparing level "world"
[20:15:13] [Server thread/INFO]: Preparing start region for dimension minecraft:overworld
[20:15:13] [Server thread/INFO]: Time elapsed: 225 ms
[20:15:13] [Server thread/INFO]: Preparing start region for dimension minecraft:the_nether
[20:15:13] [Server thread/INFO]: Time elapsed: 37 ms
[20:15:13] [Server thread/INFO]: Preparing start region for dimension minecraft:the_end
[20:15:13] [Server thread/INFO]: Time elapsed: 25 ms
[20:15:13] [Server thread/INFO]: [QuantumExitScan] Enabling QuantumExitScan v1.0
[20:15:13] [Server thread/INFO]: [QuantumExitScan] §aQuantumExitScan activado!
[20:15:13] [Server thread/INFO]: [QuantumExitScan] §7- Radio de detección: §f10 bloques
[20:15:13] [Server thread/INFO]: [QuantumExitScan] §7- Umbral de vida baja: §f10 puntos
[20:15:13] [Server thread/INFO]: [QuantumExitScan] §7- UUIDs permitidos: §f1
[20:15:13] [Server thread/INFO]: Running delayed init tasks
[20:15:13] [Server thread/INFO]: Done (2.001s)! For help, type "help"
[20:15:13] [Server thread/INFO]: Timings Reset
